<?xml version="1.0" encoding="UTF-8"?>
<testsuite xmlns:xsi="http://www.w3.org/2001/XMLSchema-instance" xsi:noNamespaceSchemaLocation="https://maven.apache.org/surefire/maven-surefire-plugin/xsd/surefire-test-report.xsd" name="com.store.ProductServiceTest" time="0.001" tests="3" errors="0" skipped="0" failures="0">
  <properties>
[...]
</properties>
  <testcase name="getProductsByType should return all products when type is null" classname="com.store.ProductServiceTest" time="0"/>
  <testcase name="createProduct should return a valid ProductId after creation" classname="com.store.ProductServiceTest" time="0"/>
  <testcase name="getProductsByType should filter products by type" classname="com.store.ProductServiceTest" time="0"/>
</testsuite>